<?xml version="1.0" encoding="UTF-8"?>
<!-- Generated by org.testng.reporters.JUnitReportReporter -->
<testsuite hostname="BGL-MARKO-PETRO" name="tests.HTMLTest" tests="1" failures="0" timestamp="1 Oct 2019 10:42:00 GMT" time="11.103" errors="0">
  <testcase name="htmlTest" time="11.103" classname="tests.HTMLTest"/>
</testsuite> <!-- tests.HTMLTest -->
