<?xml version="1.0" encoding="UTF-8"?>
<!-- Generated by org.testng.reporters.JUnitReportReporter -->
<testsuite hostname="BGL-MARKO-PETRO" name="tests.KeyboardFormTest" tests="1" failures="0" timestamp="23 Sep 2019 13:00:59 GMT" time="8.205" errors="0">
  <testcase name="KeyboardTest" time="8.205" classname="tests.KeyboardFormTest"/>
</testsuite> <!-- tests.KeyboardFormTest -->
