<?xml version="1.0" encoding="UTF-8"?>
<!-- Generated by org.testng.reporters.JUnitReportReporter -->
<testsuite hostname="BGL-MARKO-PETRO" name="tests.widgets.DatePicker" tests="1" failures="0" timestamp="15 Oct 2019 10:08:37 GMT" time="14.439" errors="0">
  <testcase name="pickCurrentDay" time="14.439" classname="tests.widgets.DatePicker"/>
</testsuite> <!-- tests.widgets.DatePicker -->
