<?xml version="1.0" encoding="UTF-8"?>
<!-- Generated by org.testng.reporters.JUnitReportReporter -->
<testsuite hostname="BGL-MARKO-PETRO" name="tests.interaction.DragAndDrop" tests="1" failures="0" timestamp="15 Oct 2019 10:08:37 GMT" time="26.282" errors="0">
  <testcase name="dragAndDrop" time="26.282" classname="tests.interaction.DragAndDrop"/>
</testsuite> <!-- tests.interaction.DragAndDrop -->
