<?xml version="1.0" encoding="UTF-8"?>
<!-- Generated by org.testng.reporters.JUnitReportReporter -->
<testsuite hostname="BGL-MARKO-PETRO" name="tests.widgets.HTMLTest" tests="1" failures="0" timestamp="1 Oct 2019 14:04:05 GMT" time="12.046" errors="0">
  <testcase name="htmlTest" time="12.046" classname="tests.widgets.HTMLTest"/>
</testsuite> <!-- tests.widgets.HTMLTest -->
