<?xml version="1.0" encoding="UTF-8"?>
<!-- Generated by org.testng.reporters.JUnitReportReporter -->
<testsuite hostname="BGL-MARKO-PETRO" name="tests.SwitchWindowTest2" tests="1" failures="0" timestamp="1 Oct 2019 12:41:18 GMT" time="8.640" errors="0">
  <testcase name="switchWindowsTest" time="8.640" classname="tests.SwitchWindowTest2"/>
</testsuite> <!-- tests.SwitchWindowTest2 -->
