<?xml version="1.0" encoding="UTF-8"?>
<!-- Generated by org.testng.reporters.JUnitReportReporter -->
<testsuite hostname="BGL-MARKO-PETRO" name="tests.widgets.HTMLTest" tests="2" failures="0" timestamp="15 Oct 2019 14:03:42 GMT" time="24.924" errors="0">
  <testcase name="htmlTest" time="12.454" classname="tests.widgets.HTMLTest"/>
  <testcase name="linkGoogle" time="12.470" classname="tests.widgets.HTMLTest"/>
</testsuite> <!-- tests.widgets.HTMLTest -->
