<?xml version="1.0" encoding="UTF-8"?>
<!-- Generated by org.testng.reporters.JUnitReportReporter -->
<testsuite hostname="BGL-MARKO-PETRO" name="tests.interaction.TestTest" tests="1" failures="0" timestamp="8 Oct 2019 14:04:08 GMT" time="15.090" errors="0">
  <testcase name="testTest" time="15.090" classname="tests.interaction.TestTest"/>
</testsuite> <!-- tests.interaction.TestTest -->
