<?xml version="1.0" encoding="UTF-8"?>
<!-- Generated by org.testng.reporters.JUnitReportReporter -->
<testsuite hostname="BGL-MARKO-PETRO" name="tests.HTMLTest" tests="1" failures="0" timestamp="1 Oct 2019 09:26:37 GMT" time="14.579" errors="0">
  <testcase name="htmlTest" time="14.579" classname="tests.HTMLTest"/>
</testsuite> <!-- tests.HTMLTest -->
