<?xml version="1.0" encoding="UTF-8"?>
<!-- Generated by org.testng.reporters.JUnitReportReporter -->
<testsuite hostname="BGL-MARKO-PETRO" name="tests.widgets.SwitchWindowTest" tests="1" failures="0" timestamp="16 Oct 2019 11:02:02 GMT" time="17.382" errors="0">
  <testcase name="switchWindowsTest" time="17.382" classname="tests.widgets.SwitchWindowTest"/>
</testsuite> <!-- tests.widgets.SwitchWindowTest -->
