<?xml version="1.0" encoding="UTF-8"?>
<!-- Generated by org.testng.reporters.JUnitReportReporter -->
<testsuite hostname="BGL-MARKO-PETRO" name="tests.widgets.SwitchWindowTest" tests="1" failures="0" timestamp="1 Oct 2019 12:32:48 GMT" time="10.701" errors="0">
  <testcase name="switchWindowsTest" time="10.701" classname="tests.widgets.SwitchWindowTest"/>
</testsuite> <!-- tests.widgets.SwitchWindowTest -->
