<?xml version="1.0" encoding="UTF-8"?>
<!-- Generated by org.testng.reporters.JUnitReportReporter -->
<testsuite hostname="BGL-MARKO-PETRO" name="tests.interaction.Draggable" tests="1" failures="0" timestamp="15 Oct 2019 08:37:33 GMT" time="11.691" errors="0">
  <testcase name="draggable" time="11.691" classname="tests.interaction.Draggable"/>
</testsuite> <!-- tests.interaction.Draggable -->
