<?xml version="1.0" encoding="UTF-8"?>
<!-- Generated by org.testng.reporters.JUnitReportReporter -->
<testsuite hostname="BGL-MARKO-PETRO" name="tests.SwitchWindowTest" tests="1" failures="0" timestamp="23 Sep 2019 07:59:58 GMT" time="10.212" errors="0">
  <testcase name="switchWindowsTest" time="10.212" classname="tests.SwitchWindowTest"/>
</testsuite> <!-- tests.SwitchWindowTest -->
