<?xml version="1.0" encoding="UTF-8"?>
<!-- Generated by org.testng.reporters.JUnitReportReporter -->
<testsuite hostname="BGL-MARKO-PETRO" name="tests.widgets.ToolTip" tests="1" failures="0" timestamp="15 Oct 2019 10:08:37 GMT" time="11.267" errors="0">
  <testcase name="hoverElement" time="11.267" classname="tests.widgets.ToolTip"/>
</testsuite> <!-- tests.widgets.ToolTip -->
