<?xml version="1.0" encoding="UTF-8"?>
<!-- Generated by org.testng.reporters.JUnitReportReporter -->
<testsuite hostname="BGL-MARKO-PETRO" name="tests.SwitchWindowTest" tests="1" failures="0" timestamp="1 Oct 2019 09:29:57 GMT" time="11.316" errors="0">
  <testcase name="switchWindowsTest" time="11.316" classname="tests.SwitchWindowTest"/>
</testsuite> <!-- tests.SwitchWindowTest -->
