<?xml version="1.0" encoding="UTF-8"?>
<!-- Generated by org.testng.reporters.JUnitReportReporter -->
<testsuite hostname="BGL-MARKO-PETRO" name="tests.KeyboardFormTest" tests="1" failures="0" timestamp="1 Oct 2019 09:26:37 GMT" time="8.964" errors="0">
  <testcase name="keyboardTest" time="8.964" classname="tests.KeyboardFormTest"/>
</testsuite> <!-- tests.KeyboardFormTest -->
