<?xml version="1.0" encoding="UTF-8"?>
<!-- Generated by org.testng.reporters.JUnitReportReporter -->
<testsuite hostname="BGL-MARKO-PETRO" name="tests.KeyboardEventsTest" tests="1" failures="0" timestamp="1 Oct 2019 09:26:37 GMT" time="6.935" errors="0">
  <testcase name="keyboardEventsTest" time="6.935" classname="tests.KeyboardEventsTest"/>
</testsuite> <!-- tests.KeyboardEventsTest -->
