<?xml version="1.0" encoding="UTF-8"?>
<!-- Generated by org.testng.reporters.JUnitReportReporter -->
<testsuite hostname="BGL-MARKO-PETRO" name="tests.KeyboardEventsTest" tests="1" failures="0" timestamp="1 Oct 2019 10:42:00 GMT" time="7.558" errors="0">
  <testcase name="keyboardEventsTest" time="7.558" classname="tests.KeyboardEventsTest"/>
</testsuite> <!-- tests.KeyboardEventsTest -->
