<?xml version="1.0" encoding="UTF-8"?>
<!-- Generated by org.testng.reporters.JUnitReportReporter -->
<testsuite hostname="BGL-MARKO-PETRO" name="tests.SwitchWindowTest" tests="1" failures="0" timestamp="1 Oct 2019 13:39:53 GMT" time="15.268" errors="0">
  <testcase name="switchWindowsTest" time="15.268" classname="tests.SwitchWindowTest"/>
</testsuite> <!-- tests.SwitchWindowTest -->
