<?xml version="1.0" encoding="UTF-8"?>
<!-- Generated by org.testng.reporters.JUnitReportReporter -->
<testsuite hostname="BGL-MARKO-PETRO" name="tests.widgets.SwitchWindowTest" tests="1" failures="0" timestamp="15 Oct 2019 10:08:37 GMT" time="14.416" errors="0">
  <testcase name="switchWindowsTest" time="14.416" classname="tests.widgets.SwitchWindowTest"/>
</testsuite> <!-- tests.widgets.SwitchWindowTest -->
