<?xml version="1.0" encoding="UTF-8"?>
<!-- Generated by org.testng.reporters.JUnitReportReporter -->
<testsuite hostname="BGL-MARKO-PETRO" name="tests.HTMLTest" tests="1" failures="0" timestamp="23 Sep 2019 13:16:15 GMT" time="10.203" errors="0">
  <testcase name="htmlTest" time="10.203" classname="tests.HTMLTest"/>
</testsuite> <!-- tests.HTMLTest -->
