<?xml version="1.0" encoding="UTF-8"?>
<!-- Generated by org.testng.reporters.JUnitReportReporter -->
<testsuite hostname="BGL-MARKO-PETRO" name="testcases.widgets.SwitchWindows" tests="1" failures="0" timestamp="19 Sep 2019 09:05:08 GMT" time="11.533" errors="0">
  <testcase name="SwitchWindows" time="11.533" classname="testcases.widgets.SwitchWindows"/>
</testsuite> <!-- testcases.widgets.SwitchWindows -->
