<?xml version="1.0" encoding="UTF-8"?>
<!-- Generated by org.testng.reporters.JUnitReportReporter -->
<testsuite hostname="BGL-MARKO-PETRO" name="tests.widgets.DoubleClick" tests="1" failures="0" timestamp="1 Oct 2019 14:04:05 GMT" time="11.955" errors="0">
  <testcase name="doubleClick" time="11.955" classname="tests.widgets.DoubleClick"/>
</testsuite> <!-- tests.widgets.DoubleClick -->
