<?xml version="1.0" encoding="UTF-8"?>
<!-- Generated by org.testng.reporters.JUnitReportReporter -->
<testsuite hostname="BGL-MARKO-PETRO" name="testcases.widgets.KeyboardEvents" tests="1" failures="0" timestamp="18 Sep 2019 14:25:30 GMT" time="7.846" errors="0">
  <testcase name="KeyboardEvents" time="7.846" classname="testcases.widgets.KeyboardEvents"/>
</testsuite> <!-- testcases.widgets.KeyboardEvents -->
