<?xml version="1.0" encoding="UTF-8"?>
<!-- Generated by org.testng.reporters.JUnitReportReporter -->
<testsuite hostname="BGL-MARKO-PETRO" name="tests.widgets.KeyboardFormTest" tests="1" failures="0" timestamp="1 Oct 2019 14:04:05 GMT" time="11.438" errors="0">
  <testcase name="keyboardTest" time="11.438" classname="tests.widgets.KeyboardFormTest"/>
</testsuite> <!-- tests.widgets.KeyboardFormTest -->
