<?xml version="1.0" encoding="UTF-8"?>
<!-- Generated by org.testng.reporters.JUnitReportReporter -->
<testsuite hostname="BGL-MARKO-PETRO" name="tests.DoubleClick" tests="1" failures="0" timestamp="1 Oct 2019 13:39:53 GMT" time="11.215" errors="0">
  <testcase name="doubleClick" time="11.215" classname="tests.DoubleClick"/>
</testsuite> <!-- tests.DoubleClick -->
