<?xml version="1.0" encoding="UTF-8"?>
<!-- Generated by org.testng.reporters.JUnitReportReporter -->
<testsuite hostname="BGL-MARKO-PETRO" name="tests.widgets.HTMLTest" tests="2" failures="0" timestamp="15 Oct 2019 11:26:17 GMT" time="27.879" errors="0">
  <testcase name="htmlTest" time="14.990" classname="tests.widgets.HTMLTest"/>
  <testcase name="linkGoogle" time="12.889" classname="tests.widgets.HTMLTest"/>
</testsuite> <!-- tests.widgets.HTMLTest -->
