<?xml version="1.0" encoding="UTF-8"?>
<!-- Generated by org.testng.reporters.JUnitReportReporter -->
<testsuite hostname="BGL-MARKO-PETRO" name="testcases.widgets.HTMLContactForm" tests="1" failures="0" timestamp="18 Sep 2019 14:22:22 GMT" time="8.685" errors="0">
  <testcase name="HTMLContactForm" time="8.685" classname="testcases.widgets.HTMLContactForm"/>
</testsuite> <!-- testcases.widgets.HTMLContactForm -->
