<?xml version="1.0" encoding="UTF-8"?>
<!-- Generated by org.testng.reporters.JUnitReportReporter -->
<testsuite hostname="BGL-MARKO-PETRO" name="tests.widgets.DatePicker" tests="1" failures="0" timestamp="16 Oct 2019 09:56:55 GMT" time="14.332" errors="0">
  <testcase name="pickCurrentDay" time="14.332" classname="tests.widgets.DatePicker"/>
</testsuite> <!-- tests.widgets.DatePicker -->
