<?xml version="1.0" encoding="UTF-8"?>
<!-- Generated by org.testng.reporters.JUnitReportReporter -->
<testsuite hostname="BGL-MARKO-PETRO" name="tests.KeyboardFormTest" tests="1" failures="0" timestamp="1 Oct 2019 10:42:00 GMT" time="7.302" errors="0">
  <testcase name="keyboardTest" time="7.302" classname="tests.KeyboardFormTest"/>
</testsuite> <!-- tests.KeyboardFormTest -->
