<?xml version="1.0" encoding="UTF-8"?>
<!-- Generated by org.testng.reporters.JUnitReportReporter -->
<testsuite hostname="BGL-MARKO-PETRO" name="tests.widgets.KeyboardEventsTest" tests="1" failures="0" timestamp="1 Oct 2019 14:04:05 GMT" time="10.776" errors="0">
  <testcase name="keyboardEventsTest" time="10.776" classname="tests.widgets.KeyboardEventsTest"/>
</testsuite> <!-- tests.widgets.KeyboardEventsTest -->
